16:59:36.107 [restartedMain] INFO  com.proyecto.viajes.MainApp - Starting MainApp using Java 21.0.1 with PID 26720 (C:\Users\pablo\Desktop\Proyecto Final Pablo Merinas Soto\src-api\viajes\target\classes started by pablo in C:\Users\pablo\Desktop\Proyecto Final Pablo Merinas Soto\src-api\viajes)
16:59:36.108 [restartedMain] INFO  com.proyecto.viajes.MainApp - No active profile set, falling back to 1 default profile: "default"
16:59:36.220 [restartedMain] INFO  o.s.d.r.c.RepositoryConfigurationDelegate - Bootstrapping Spring Data JPA repositories in DEFAULT mode.
16:59:36.235 [restartedMain] INFO  o.s.d.r.c.RepositoryConfigurationDelegate - Finished Spring Data repository scanning in 15 ms. Found 7 JPA repository interfaces.
16:59:36.383 [restartedMain] INFO  o.s.b.w.e.tomcat.TomcatWebServer - Tomcat initialized with port 8080 (http)
16:59:36.383 [restartedMain] INFO  o.a.coyote.http11.Http11NioProtocol - Initializing ProtocolHandler ["http-nio-8080"]
16:59:36.383 [restartedMain] INFO  o.a.catalina.core.StandardService - Starting service [Tomcat]
16:59:36.383 [restartedMain] INFO  o.a.catalina.core.StandardEngine - Starting Servlet engine: [Apache Tomcat/10.1.18]
16:59:36.396 [restartedMain] INFO  o.a.c.c.C.[Tomcat].[localhost].[/] - Initializing Spring embedded WebApplicationContext
16:59:36.396 [restartedMain] INFO  o.s.b.w.s.c.ServletWebServerApplicationContext - Root WebApplicationContext: initialization completed in 287 ms
16:59:36.433 [restartedMain] INFO  o.h.jpa.internal.util.LogHelper - HHH000204: Processing PersistenceUnitInfo [name: default]
16:59:36.435 [restartedMain] INFO  o.h.c.i.RegionFactoryInitiator - HHH000026: Second-level cache disabled
16:59:36.439 [restartedMain] INFO  o.s.o.j.p.SpringPersistenceUnitInfo - No LoadTimeWeaver setup: ignoring JPA class transformer
16:59:36.439 [restartedMain] INFO  com.zaxxer.hikari.HikariDataSource - HikariPool-3 - Starting...
16:59:36.442 [restartedMain] INFO  com.zaxxer.hikari.pool.HikariPool - HikariPool-3 - Added connection com.mysql.cj.jdbc.ConnectionImpl@39fb4977
16:59:36.442 [restartedMain] INFO  com.zaxxer.hikari.HikariDataSource - HikariPool-3 - Start completed.
16:59:36.443 [restartedMain] WARN  org.hibernate.dialect.Dialect - HHH000511: The 5.5.0 version for [org.hibernate.dialect.MySQLDialect] is no longer supported, hence certain features may not work properly. The minimum supported version is 8.0.0. Check the community dialects project for available legacy versions.
16:59:36.511 [restartedMain] INFO  o.h.e.t.j.p.i.JtaPlatformInitiator - HHH000489: No JTA platform available (set 'hibernate.transaction.jta.platform' to enable JTA platform integration)
16:59:37.209 [restartedMain] INFO  o.s.o.j.LocalContainerEntityManagerFactoryBean - Initialized JPA EntityManagerFactory for persistence unit 'default'
16:59:38.077 [restartedMain] WARN  o.s.b.a.o.j.JpaBaseConfiguration$JpaWebConfiguration - spring.jpa.open-in-view is enabled by default. Therefore, database queries may be performed during view rendering. Explicitly configure spring.jpa.open-in-view to disable this warning
16:59:38.136 [restartedMain] INFO  o.s.s.web.DefaultSecurityFilterChain - Will secure any request with [org.springframework.security.web.session.DisableEncodeUrlFilter@ced2f0d, org.springframework.security.web.context.request.async.WebAsyncManagerIntegrationFilter@19307ecc, org.springframework.security.web.context.SecurityContextHolderFilter@5ba36db1, org.springframework.security.web.header.HeaderWriterFilter@7f8f76da, org.springframework.web.filter.CorsFilter@4273a6e, org.springframework.security.web.authentication.logout.LogoutFilter@400aa854, com.proyecto.viajes.security.JWTAuthorizationFilter@aef7b44, org.springframework.security.web.savedrequest.RequestCacheAwareFilter@714516da, org.springframework.security.web.servletapi.SecurityContextHolderAwareRequestFilter@7578878e, org.springframework.security.web.authentication.AnonymousAuthenticationFilter@5db52eb, org.springframework.security.web.session.SessionManagementFilter@75100322, org.springframework.security.web.access.ExceptionTranslationFilter@67e9a4a3, org.springframework.security.web.access.intercept.AuthorizationFilter@28552504]
16:59:38.181 [restartedMain] INFO  o.s.b.d.a.OptionalLiveReloadServer - LiveReload server is running on port 35729
16:59:38.186 [restartedMain] INFO  o.a.coyote.http11.Http11NioProtocol - Starting ProtocolHandler ["http-nio-8080"]
16:59:38.187 [restartedMain] INFO  o.s.b.w.e.tomcat.TomcatWebServer - Tomcat started on port 8080 (http) with context path ''
16:59:38.189 [restartedMain] INFO  com.proyecto.viajes.MainApp - Started MainApp in 2.093 seconds (process running for 118.403)
16:59:38.190 [restartedMain] INFO  o.s.b.d.a.ConditionEvaluationDeltaLoggingListener - Condition evaluation unchanged
17:00:28.106 [File Watcher] INFO  o.s.b.d.a.LocalDevToolsAutoConfiguration$RestartingClassPathChangeChangedEventListener - Restarting due to 1 class path change (0 additions, 0 deletions, 1 modification)
17:00:28.107 [Thread-11] INFO  o.a.coyote.http11.Http11NioProtocol - Stopping ProtocolHandler ["http-nio-8080"]
17:00:28.109 [Thread-11] INFO  o.s.o.j.LocalContainerEntityManagerFactoryBean - Closing JPA EntityManagerFactory for persistence unit 'default'
17:00:28.110 [Thread-11] INFO  com.zaxxer.hikari.HikariDataSource - HikariPool-3 - Shutdown initiated...
17:00:28.111 [Thread-11] INFO  com.zaxxer.hikari.HikariDataSource - HikariPool-3 - Shutdown completed.
